<?xml version="1.0" encoding="UTF-8"?>
<!-- Generated by org.testng.reporters.JUnitReportReporter -->
<testsuite hostname="MSI" failures="0" tests="1" name="fitpro.calculator.TC002" time="14.783" errors="0" timestamp="2024-11-26T23:51:39 IST" skipped="0">
  <testcase classname="fitpro.calculator.TC002" name="calculator" time="14.783"/>
</testsuite> <!-- fitpro.calculator.TC002 -->
